# JRE version: OpenJDK Runtime Environment (8.0_151-b12) (build 1.8.0_151-8u151-b12-0ubuntu0.17.04.2-b12)
# Java VM: OpenJDK 64-Bit Server VM (25.151-b12 mixed mode linux-amd64 compressed oops)
Heap:
 PSYoungGen      total 931840K, used 104330K [0x000000076ab00000, 0x00000007c0000000, 0x00000007c0000000)
  eden space 465920K, 0% used [0x000000076ab00000,0x000000076ab00000,0x0000000787200000)
  from space 465920K, 22% used [0x0000000787200000,0x000000078d7e2af0,0x00000007a3900000)
  to   space 465920K, 0% used [0x00000007a3900000,0x00000007a3900000,0x00000007c0000000)
 ParOldGen       total 1660928K, used 1660911K [0x00000006c0000000, 0x0000000725600000, 0x000000076ab00000)
  object space 1660928K, 99% used [0x00000006c0000000,0x00000007255fbc50,0x0000000725600000)
 Metaspace       used 69836K, capacity 70636K, committed 70912K, reserved 1110016K
  class space    used 9987K, capacity 10217K, committed 10240K, reserved 1048576K
GC Heap History (10 events):
Event: 102,594 GC heap after
Heap after GC invocations=47 (full 6):
 PSYoungGen      total 931840K, used 0K [0x000000076ab00000, 0x00000007c0000000, 0x00000007c0000000)
  eden space 465920K, 0% used [0x000000076ab00000,0x000000076ab00000,0x0000000787200000)
  from space 465920K, 0% used [0x0000000787200000,0x0000000787200000,0x00000007a3900000)
  to   space 465920K, 0% used [0x00000007a3900000,0x00000007a3900000,0x00000007c0000000)
 ParOldGen       total 1660928K, used 1040114K [0x00000006c0000000, 0x0000000725600000, 0x000000076ab00000)
  object space 1660928K, 62% used [0x00000006c0000000,0x00000006ff7bca00,0x0000000725600000)
 Metaspace       used 69810K, capacity 70572K, committed 70656K, reserved 1110016K
  class space    used 9987K, capacity 10217K, committed 10240K, reserved 1048576K
}
Event: 105,271 GC heap before
{Heap before GC invocations=48 (full 6):
 PSYoungGen      total 931840K, used 465755K [0x000000076ab00000, 0x00000007c0000000, 0x00000007c0000000)
  eden space 465920K, 99% used [0x000000076ab00000,0x00000007871d6e48,0x0000000787200000)
  from space 465920K, 0% used [0x0000000787200000,0x0000000787200000,0x00000007a3900000)
  to   space 465920K, 0% used [0x00000007a3900000,0x00000007a3900000,0x00000007c0000000)
 ParOldGen       total 1660928K, used 1040114K [0x00000006c0000000, 0x0000000725600000, 0x000000076ab00000)
  object space 1660928K, 62% used [0x00000006c0000000,0x00000006ff7bca00,0x0000000725600000)
 Metaspace       used 69836K, capacity 70636K, committed 70912K, reserved 1110016K
  class space    used 9987K, capacity 10217K, committed 10240K, reserved 1048576K
Event: 105,384 GC heap after
Heap after GC invocations=48 (full 6):
 PSYoungGen      total 931840K, used 396544K [0x000000076ab00000, 0x00000007c0000000, 0x00000007c0000000)
  eden space 465920K, 0% used [0x000000076ab00000,0x000000076ab00000,0x0000000787200000)
  from space 465920K, 85% used [0x00000007a3900000,0x00000007bbc403c0,0x00000007c0000000)
  to   space 465920K, 0% used [0x0000000787200000,0x0000000787200000,0x00000007a3900000)
 ParOldGen       total 1660928K, used 1040122K [0x00000006c0000000, 0x0000000725600000, 0x000000076ab00000)
  object space 1660928K, 62% used [0x00000006c0000000,0x00000006ff7bea00,0x0000000725600000)
 Metaspace       used 69836K, capacity 70636K, committed 70912K, reserved 1110016K
  class space    used 9987K, capacity 10217K, committed 10240K, reserved 1048576K
}
Event: 106,445 GC heap before
{Heap before GC invocations=49 (full 6):
 PSYoungGen      total 931840K, used 862464K [0x000000076ab00000, 0x00000007c0000000, 0x00000007c0000000)
  eden space 465920K, 100% used [0x000000076ab00000,0x0000000787200000,0x0000000787200000)
  from space 465920K, 85% used [0x00000007a3900000,0x00000007bbc403c0,0x00000007c0000000)
  to   space 465920K, 0% used [0x0000000787200000,0x0000000787200000,0x00000007a3900000)
 ParOldGen       total 1660928K, used 1040122K [0x00000006c0000000, 0x0000000725600000, 0x000000076ab00000)
  object space 1660928K, 62% used [0x00000006c0000000,0x00000006ff7bea00,0x0000000725600000)
 Metaspace       used 69836K, capacity 70636K, committed 70912K, reserved 1110016K
  class space    used 9987K, capacity 10217K, committed 10240K, reserved 1048576K
Event: 106,880 GC heap after
Heap after GC invocations=49 (full 6):
 PSYoungGen      total 931840K, used 465888K [0x000000076ab00000, 0x00000007c0000000, 0x00000007c0000000)
  eden space 465920K, 0% used [0x000000076ab00000,0x000000076ab00000,0x0000000787200000)
  from space 465920K, 99% used [0x0000000787200000,0x00000007a38f83a0,0x00000007a3900000)
  to   space 465920K, 0% used [0x00000007a3900000,0x00000007a3900000,0x00000007c0000000)
 ParOldGen       total 1660928K, used 1145538K [0x00000006c0000000, 0x0000000725600000, 0x000000076ab00000)
  object space 1660928K, 68% used [0x00000006c0000000,0x0000000705eb0a10,0x0000000725600000)
 Metaspace       used 69836K, capacity 70636K, committed 70912K, reserved 1110016K
  class space    used 9987K, capacity 10217K, committed 10240K, reserved 1048576K
}
Event: 107,926 GC heap before
{Heap before GC invocations=50 (full 6):
 PSYoungGen      total 931840K, used 931808K [0x000000076ab00000, 0x00000007c0000000, 0x00000007c0000000)
  eden space 465920K, 100% used [0x000000076ab00000,0x0000000787200000,0x0000000787200000)
  from space 465920K, 99% used [0x0000000787200000,0x00000007a38f83a0,0x00000007a3900000)
  to   space 465920K, 0% used [0x00000007a3900000,0x00000007a3900000,0x00000007c0000000)
 ParOldGen       total 1660928K, used 1145538K [0x00000006c0000000, 0x0000000725600000, 0x000000076ab00000)
  object space 1660928K, 68% used [0x00000006c0000000,0x0000000705eb0a10,0x0000000725600000)
 Metaspace       used 69836K, capacity 70636K, committed 70912K, reserved 1110016K
  class space    used 9987K, capacity 10217K, committed 10240K, reserved 1048576K
Event: 108,491 GC heap after
Heap after GC invocations=50 (full 6):
 PSYoungGen      total 931840K, used 441009K [0x000000076ab00000, 0x00000007c0000000, 0x00000007c0000000)
  eden space 465920K, 0% used [0x000000076ab00000,0x000000076ab00000,0x0000000787200000)
  from space 465920K, 94% used [0x00000007a3900000,0x00000007be7ac640,0x00000007c0000000)
  to   space 465920K, 0% used [0x0000000787200000,0x0000000787200000,0x00000007a3900000)
 ParOldGen       total 1660928K, used 1368689K [0x00000006c0000000, 0x0000000725600000, 0x000000076ab00000)
  object space 1660928K, 82% used [0x00000006c0000000,0x000000071389c780,0x0000000725600000)
 Metaspace       used 69836K, capacity 70636K, committed 70912K, reserved 1110016K
  class space    used 9987K, capacity 10217K, committed 10240K, reserved 1048576K
}
Event: 109,787 GC heap before
{Heap before GC invocations=51 (full 6):
 PSYoungGen      total 931840K, used 906929K [0x000000076ab00000, 0x00000007c0000000, 0x00000007c0000000)
  eden space 465920K, 100% used [0x000000076ab00000,0x0000000787200000,0x0000000787200000)
  from space 465920K, 94% used [0x00000007a3900000,0x00000007be7ac640,0x00000007c0000000)
  to   space 465920K, 0% used [0x0000000787200000,0x0000000787200000,0x00000007a3900000)
 ParOldGen       total 1660928K, used 1368689K [0x00000006c0000000, 0x0000000725600000, 0x000000076ab00000)
  object space 1660928K, 82% used [0x00000006c0000000,0x000000071389c780,0x0000000725600000)
 Metaspace       used 69836K, capacity 70636K, committed 70912K, reserved 1110016K
  class space    used 9987K, capacity 10217K, committed 10240K, reserved 1048576K
Event: 110,753 GC heap after
Heap after GC invocations=51 (full 6):
 PSYoungGen      total 931840K, used 465905K [0x000000076ab00000, 0x00000007c0000000, 0x00000007c0000000)
  eden space 465920K, 0% used [0x000000076ab00000,0x000000076ab00000,0x0000000787200000)
  from space 465920K, 99% used [0x0000000787200000,0x00000007a38fc640,0x00000007a3900000)
  to   space 465920K, 0% used [0x00000007a3900000,0x00000007a3900000,0x00000007c0000000)
 ParOldGen       total 1660928K, used 1502577K [0x00000006c0000000, 0x0000000725600000, 0x000000076ab00000)
  object space 1660928K, 90% used [0x00000006c0000000,0x000000071bb5c780,0x0000000725600000)
 Metaspace       used 69836K, capacity 70636K, committed 70912K, reserved 1110016K
  class space    used 9987K, capacity 10217K, committed 10240K, reserved 1048576K
}
Event: 110,753 GC heap before
{Heap before GC invocations=52 (full 7):
 PSYoungGen      total 931840K, used 465905K [0x000000076ab00000, 0x00000007c0000000, 0x00000007c0000000)
  eden space 465920K, 0% used [0x000000076ab00000,0x000000076ab00000,0x0000000787200000)
  from space 465920K, 99% used [0x0000000787200000,0x00000007a38fc640,0x00000007a3900000)
  to   space 465920K, 0% used [0x00000007a3900000,0x00000007a3900000,0x00000007c0000000)
 ParOldGen       total 1660928K, used 1502577K [0x00000006c0000000, 0x0000000725600000, 0x000000076ab00000)
  object space 1660928K, 90% used [0x00000006c0000000,0x000000071bb5c780,0x0000000725600000)
 Metaspace       used 69836K, capacity 70636K, committed 70912K, reserved 1110016K
  class space    used 9987K, capacity 10217K, committed 10240K, reserved 1048576K

