# JRE version: OpenJDK Runtime Environment (8.0_151-b12) (build 1.8.0_151-8u151-b12-0ubuntu0.17.04.2-b12)
# Java VM: OpenJDK 64-Bit Server VM (25.151-b12 mixed mode linux-amd64 compressed oops)
Heap:
 PSYoungGen      total 465920K, used 0K [0x00000000d5580000, 0x0000000100000000, 0x0000000100000000)
  eden space 232960K, 0% used [0x00000000d5580000,0x00000000d5580000,0x00000000e3900000)
  from space 232960K, 0% used [0x00000000f1c80000,0x00000000f1c80000,0x0000000100000000)
  to   space 232960K, 0% used [0x00000000e3900000,0x00000000e3900000,0x00000000f1c80000)
 ParOldGen       total 1040384K, used 1015070K [0x0000000080000000, 0x00000000bf800000, 0x00000000d5580000)
  object space 1040384K, 97% used [0x0000000080000000,0x00000000bdf479e0,0x00000000bf800000)
 Metaspace       used 63378K, capacity 63912K, committed 64128K, reserved 1103872K
  class space    used 9102K, capacity 9238K, committed 9344K, reserved 1048576K
GC Heap History (10 events):
Event: 19,420 GC heap after
Heap after GC invocations=12 (full 4):
 PSYoungGen      total 368640K, used 123792K [0x00000000d5580000, 0x0000000100000000, 0x0000000100000000)
  eden space 244224K, 0% used [0x00000000d5580000,0x00000000d5580000,0x00000000e4400000)
  from space 124416K, 99% used [0x00000000f8680000,0x00000000fff64278,0x0000000100000000)
  to   space 227328K, 0% used [0x00000000e4400000,0x00000000e4400000,0x00000000f2200000)
 ParOldGen       total 1040384K, used 400057K [0x0000000080000000, 0x00000000bf800000, 0x00000000d5580000)
  object space 1040384K, 38% used [0x0000000080000000,0x00000000986ae6d8,0x00000000bf800000)
 Metaspace       used 62701K, capacity 63200K, committed 63488K, reserved 1103872K
  class space    used 9025K, capacity 9174K, committed 9216K, reserved 1048576K
}
Event: 20,922 GC heap before
{Heap before GC invocations=13 (full 4):
 PSYoungGen      total 368640K, used 368016K [0x00000000d5580000, 0x0000000100000000, 0x0000000100000000)
  eden space 244224K, 100% used [0x00000000d5580000,0x00000000e4400000,0x00000000e4400000)
  from space 124416K, 99% used [0x00000000f8680000,0x00000000fff64278,0x0000000100000000)
  to   space 227328K, 0% used [0x00000000e4400000,0x00000000e4400000,0x00000000f2200000)
 ParOldGen       total 1040384K, used 400057K [0x0000000080000000, 0x00000000bf800000, 0x00000000d5580000)
  object space 1040384K, 38% used [0x0000000080000000,0x00000000986ae6d8,0x00000000bf800000)
 Metaspace       used 62701K, capacity 63200K, committed 63488K, reserved 1103872K
  class space    used 9025K, capacity 9174K, committed 9216K, reserved 1048576K
Event: 21,526 GC heap after
Heap after GC invocations=13 (full 4):
 PSYoungGen      total 471552K, used 227323K [0x00000000d5580000, 0x0000000100000000, 0x0000000100000000)
  eden space 244224K, 0% used [0x00000000d5580000,0x00000000d5580000,0x00000000e4400000)
  from space 227328K, 99% used [0x00000000e4400000,0x00000000f21fec08,0x00000000f2200000)
  to   space 227328K, 0% used [0x00000000f2200000,0x00000000f2200000,0x0000000100000000)
 ParOldGen       total 1040384K, used 534289K [0x0000000080000000, 0x00000000bf800000, 0x00000000d5580000)
  object space 1040384K, 51% used [0x0000000080000000,0x00000000a09c46d8,0x00000000bf800000)
 Metaspace       used 62701K, capacity 63200K, committed 63488K, reserved 1103872K
  class space    used 9025K, capacity 9174K, committed 9216K, reserved 1048576K
}
Event: 23,115 GC heap before
{Heap before GC invocations=14 (full 4):
 PSYoungGen      total 471552K, used 466005K [0x00000000d5580000, 0x0000000100000000, 0x0000000100000000)
  eden space 244224K, 97% used [0x00000000d5580000,0x00000000e3e96bb8,0x00000000e4400000)
  from space 227328K, 99% used [0x00000000e4400000,0x00000000f21fec08,0x00000000f2200000)
  to   space 227328K, 0% used [0x00000000f2200000,0x00000000f2200000,0x0000000100000000)
 ParOldGen       total 1040384K, used 534289K [0x0000000080000000, 0x00000000bf800000, 0x00000000d5580000)
  object space 1040384K, 51% used [0x0000000080000000,0x00000000a09c46d8,0x00000000bf800000)
 Metaspace       used 62701K, capacity 63200K, committed 63488K, reserved 1103872K
  class space    used 9025K, capacity 9174K, committed 9216K, reserved 1048576K
Event: 25,243 GC heap after
Heap after GC invocations=14 (full 4):
 PSYoungGen      total 460288K, used 227323K [0x00000000d5580000, 0x0000000100000000, 0x0000000100000000)
  eden space 232960K, 0% used [0x00000000d5580000,0x00000000d5580000,0x00000000e3900000)
  from space 227328K, 99% used [0x00000000f2200000,0x00000000ffffec08,0x0000000100000000)
  to   space 232960K, 0% used [0x00000000e3900000,0x00000000e3900000,0x00000000f1c80000)
 ParOldGen       total 1040384K, used 771033K [0x0000000080000000, 0x00000000bf800000, 0x00000000d5580000)
  object space 1040384K, 74% used [0x0000000080000000,0x00000000af0f66d8,0x00000000bf800000)
 Metaspace       used 62701K, capacity 63200K, committed 63488K, reserved 1103872K
  class space    used 9025K, capacity 9174K, committed 9216K, reserved 1048576K
}
Event: 27,046 GC heap before
{Heap before GC invocations=15 (full 4):
 PSYoungGen      total 460288K, used 460283K [0x00000000d5580000, 0x0000000100000000, 0x0000000100000000)
  eden space 232960K, 100% used [0x00000000d5580000,0x00000000e3900000,0x00000000e3900000)
  from space 227328K, 99% used [0x00000000f2200000,0x00000000ffffec08,0x0000000100000000)
  to   space 232960K, 0% used [0x00000000e3900000,0x00000000e3900000,0x00000000f1c80000)
 ParOldGen       total 1040384K, used 771033K [0x0000000080000000, 0x00000000bf800000, 0x00000000d5580000)
  object space 1040384K, 74% used [0x0000000080000000,0x00000000af0f66d8,0x00000000bf800000)
 Metaspace       used 63333K, capacity 63784K, committed 64128K, reserved 1103872K
  class space    used 9102K, capacity 9238K, committed 9344K, reserved 1048576K
Event: 27,301 GC heap after
Heap after GC invocations=15 (full 4):
 PSYoungGen      total 465920K, used 232958K [0x00000000d5580000, 0x0000000100000000, 0x0000000100000000)
  eden space 232960K, 0% used [0x00000000d5580000,0x00000000d5580000,0x00000000e3900000)
  from space 232960K, 99% used [0x00000000e3900000,0x00000000f1c7f910,0x00000000f1c80000)
  to   space 232960K, 0% used [0x00000000f1c80000,0x00000000f1c80000,0x0000000100000000)
 ParOldGen       total 1040384K, used 783364K [0x0000000080000000, 0x00000000bf800000, 0x00000000d5580000)
  object space 1040384K, 75% used [0x0000000080000000,0x00000000afd01078,0x00000000bf800000)
 Metaspace       used 63333K, capacity 63784K, committed 64128K, reserved 1103872K
  class space    used 9102K, capacity 9238K, committed 9344K, reserved 1048576K
}
Event: 27,757 GC heap before
{Heap before GC invocations=16 (full 4):
 PSYoungGen      total 465920K, used 465918K [0x00000000d5580000, 0x0000000100000000, 0x0000000100000000)
  eden space 232960K, 100% used [0x00000000d5580000,0x00000000e3900000,0x00000000e3900000)
  from space 232960K, 99% used [0x00000000e3900000,0x00000000f1c7f910,0x00000000f1c80000)
  to   space 232960K, 0% used [0x00000000f1c80000,0x00000000f1c80000,0x0000000100000000)
 ParOldGen       total 1040384K, used 783364K [0x0000000080000000, 0x00000000bf800000, 0x00000000d5580000)
  object space 1040384K, 75% used [0x0000000080000000,0x00000000afd01078,0x00000000bf800000)
 Metaspace       used 63378K, capacity 63912K, committed 64128K, reserved 1103872K
  class space    used 9102K, capacity 9238K, committed 9344K, reserved 1048576K
Event: 32,291 GC heap after
Heap after GC invocations=16 (full 4):
 PSYoungGen      total 465920K, used 29295K [0x00000000d5580000, 0x0000000100000000, 0x0000000100000000)
  eden space 232960K, 0% used [0x00000000d5580000,0x00000000d5580000,0x00000000e3900000)
  from space 232960K, 12% used [0x00000000f1c80000,0x00000000f391bea0,0x0000000100000000)
  to   space 232960K, 0% used [0x00000000e3900000,0x00000000e3900000,0x00000000f1c80000)
 ParOldGen       total 1040384K, used 988724K [0x0000000080000000, 0x00000000bf800000, 0x00000000d5580000)
  object space 1040384K, 95% used [0x0000000080000000,0x00000000bc58d078,0x00000000bf800000)
 Metaspace       used 63378K, capacity 63912K, committed 64128K, reserved 1103872K
  class space    used 9102K, capacity 9238K, committed 9344K, reserved 1048576K
}
Event: 32,310 GC heap before
{Heap before GC invocations=17 (full 5):
 PSYoungGen      total 465920K, used 29295K [0x00000000d5580000, 0x0000000100000000, 0x0000000100000000)
  eden space 232960K, 0% used [0x00000000d5580000,0x00000000d5580000,0x00000000e3900000)
  from space 232960K, 12% used [0x00000000f1c80000,0x00000000f391bea0,0x0000000100000000)
  to   space 232960K, 0% used [0x00000000e3900000,0x00000000e3900000,0x00000000f1c80000)
 ParOldGen       total 1040384K, used 988724K [0x0000000080000000, 0x00000000bf800000, 0x00000000d5580000)
  object space 1040384K, 95% used [0x0000000080000000,0x00000000bc58d078,0x00000000bf800000)
 Metaspace       used 63378K, capacity 63912K, committed 64128K, reserved 1103872K
  class space    used 9102K, capacity 9238K, committed 9344K, reserved 1048576K

