# JRE version: OpenJDK Runtime Environment (8.0_151-b12) (build 1.8.0_151-8u151-b12-0ubuntu0.17.04.2-b12)
# Java VM: OpenJDK 64-Bit Server VM (25.151-b12 mixed mode linux-amd64 compressed oops)
Heap:
 PSYoungGen      total 465920K, used 0K [0x00000000d5580000, 0x0000000100000000, 0x0000000100000000)
  eden space 232960K, 0% used [0x00000000d5580000,0x00000000d5580000,0x00000000e3900000)
  from space 232960K, 0% used [0x00000000f1c80000,0x00000000f1c80000,0x0000000100000000)
  to   space 232960K, 0% used [0x00000000e3900000,0x00000000e3900000,0x00000000f1c80000)
 ParOldGen       total 1130496K, used 1015674K [0x0000000080000000, 0x00000000c5000000, 0x00000000d5580000)
  object space 1130496K, 89% used [0x0000000080000000,0x00000000bdfde9b0,0x00000000c5000000)
 Metaspace       used 63419K, capacity 63912K, committed 64128K, reserved 1103872K
  class space    used 9101K, capacity 9238K, committed 9344K, reserved 1048576K
GC Heap History (10 events):
Event: 27,691 GC heap after
Heap after GC invocations=9 (full 3):
 PSYoungGen      total 399360K, used 166380K [0x00000000d5580000, 0x0000000100000000, 0x0000000100000000)
  eden space 232960K, 0% used [0x00000000d5580000,0x00000000d5580000,0x00000000e3900000)
  from space 166400K, 99% used [0x00000000f5d80000,0x00000000ffffb0c8,0x0000000100000000)
  to   space 232960K, 0% used [0x00000000e3900000,0x00000000e3900000,0x00000000f1c80000)
 ParOldGen       total 1130496K, used 379330K [0x0000000080000000, 0x00000000c5000000, 0x00000000d5580000)
  object space 1130496K, 33% used [0x0000000080000000,0x0000000097270af8,0x00000000c5000000)
 Metaspace       used 62741K, capacity 63264K, committed 63488K, reserved 1103872K
  class space    used 9025K, capacity 9174K, committed 9216K, reserved 1048576K
}
Event: 34,836 GC heap before
{Heap before GC invocations=10 (full 3):
 PSYoungGen      total 399360K, used 399340K [0x00000000d5580000, 0x0000000100000000, 0x0000000100000000)
  eden space 232960K, 100% used [0x00000000d5580000,0x00000000e3900000,0x00000000e3900000)
  from space 166400K, 99% used [0x00000000f5d80000,0x00000000ffffb0c8,0x0000000100000000)
  to   space 232960K, 0% used [0x00000000e3900000,0x00000000e3900000,0x00000000f1c80000)
 ParOldGen       total 1130496K, used 379330K [0x0000000080000000, 0x00000000c5000000, 0x00000000d5580000)
  object space 1130496K, 33% used [0x0000000080000000,0x0000000097270af8,0x00000000c5000000)
 Metaspace       used 62743K, capacity 63264K, committed 63488K, reserved 1103872K
  class space    used 9025K, capacity 9174K, committed 9216K, reserved 1048576K
Event: 35,719 GC heap after
Heap after GC invocations=10 (full 3):
 PSYoungGen      total 465920K, used 232935K [0x00000000d5580000, 0x0000000100000000, 0x0000000100000000)
  eden space 232960K, 0% used [0x00000000d5580000,0x00000000d5580000,0x00000000e3900000)
  from space 232960K, 99% used [0x00000000e3900000,0x00000000f1c79e58,0x00000000f1c80000)
  to   space 232960K, 0% used [0x00000000f1c80000,0x00000000f1c80000,0x0000000100000000)
 ParOldGen       total 1130496K, used 533698K [0x0000000080000000, 0x00000000c5000000, 0x00000000d5580000)
  object space 1130496K, 47% used [0x0000000080000000,0x00000000a0930af8,0x00000000c5000000)
 Metaspace       used 62743K, capacity 63264K, committed 63488K, reserved 1103872K
  class space    used 9025K, capacity 9174K, committed 9216K, reserved 1048576K
}
Event: 46,468 GC heap before
{Heap before GC invocations=11 (full 3):
 PSYoungGen      total 465920K, used 465895K [0x00000000d5580000, 0x0000000100000000, 0x0000000100000000)
  eden space 232960K, 100% used [0x00000000d5580000,0x00000000e3900000,0x00000000e3900000)
  from space 232960K, 99% used [0x00000000e3900000,0x00000000f1c79e58,0x00000000f1c80000)
  to   space 232960K, 0% used [0x00000000f1c80000,0x00000000f1c80000,0x0000000100000000)
 ParOldGen       total 1130496K, used 533698K [0x0000000080000000, 0x00000000c5000000, 0x00000000d5580000)
  object space 1130496K, 47% used [0x0000000080000000,0x00000000a0930af8,0x00000000c5000000)
 Metaspace       used 62744K, capacity 63264K, committed 63488K, reserved 1103872K
  class space    used 9025K, capacity 9174K, committed 9216K, reserved 1048576K
Event: 49,700 GC heap after
Heap after GC invocations=11 (full 3):
 PSYoungGen      total 465920K, used 232935K [0x00000000d5580000, 0x0000000100000000, 0x0000000100000000)
  eden space 232960K, 0% used [0x00000000d5580000,0x00000000d5580000,0x00000000e3900000)
  from space 232960K, 99% used [0x00000000f1c80000,0x00000000ffff9e58,0x0000000100000000)
  to   space 232960K, 0% used [0x00000000e3900000,0x00000000e3900000,0x00000000f1c80000)
 ParOldGen       total 1130496K, used 762842K [0x0000000080000000, 0x00000000c5000000, 0x00000000d5580000)
  object space 1130496K, 67% used [0x0000000080000000,0x00000000ae8f6af8,0x00000000c5000000)
 Metaspace       used 62744K, capacity 63264K, committed 63488K, reserved 1103872K
  class space    used 9025K, capacity 9174K, committed 9216K, reserved 1048576K
}
Event: 53,769 GC heap before
{Heap before GC invocations=12 (full 3):
 PSYoungGen      total 465920K, used 465895K [0x00000000d5580000, 0x0000000100000000, 0x0000000100000000)
  eden space 232960K, 100% used [0x00000000d5580000,0x00000000e3900000,0x00000000e3900000)
  from space 232960K, 99% used [0x00000000f1c80000,0x00000000ffff9e58,0x0000000100000000)
  to   space 232960K, 0% used [0x00000000e3900000,0x00000000e3900000,0x00000000f1c80000)
 ParOldGen       total 1130496K, used 762842K [0x0000000080000000, 0x00000000c5000000, 0x00000000d5580000)
  object space 1130496K, 67% used [0x0000000080000000,0x00000000ae8f6af8,0x00000000c5000000)
 Metaspace       used 63382K, capacity 63912K, committed 64128K, reserved 1103872K
  class space    used 9101K, capacity 9238K, committed 9344K, reserved 1048576K
Event: 54,068 GC heap after
Heap after GC invocations=12 (full 3):
 PSYoungGen      total 465920K, used 232947K [0x00000000d5580000, 0x0000000100000000, 0x0000000100000000)
  eden space 232960K, 0% used [0x00000000d5580000,0x00000000d5580000,0x00000000e3900000)
  from space 232960K, 99% used [0x00000000e3900000,0x00000000f1c7cef0,0x00000000f1c80000)
  to   space 232960K, 0% used [0x00000000f1c80000,0x00000000f1c80000,0x0000000100000000)
 ParOldGen       total 1130496K, used 787095K [0x0000000080000000, 0x00000000c5000000, 0x00000000d5580000)
  object space 1130496K, 69% used [0x0000000080000000,0x00000000b00a5d88,0x00000000c5000000)
 Metaspace       used 63382K, capacity 63912K, committed 64128K, reserved 1103872K
  class space    used 9101K, capacity 9238K, committed 9344K, reserved 1048576K
}
Event: 54,747 GC heap before
{Heap before GC invocations=13 (full 3):
 PSYoungGen      total 465920K, used 465907K [0x00000000d5580000, 0x0000000100000000, 0x0000000100000000)
  eden space 232960K, 100% used [0x00000000d5580000,0x00000000e3900000,0x00000000e3900000)
  from space 232960K, 99% used [0x00000000e3900000,0x00000000f1c7cef0,0x00000000f1c80000)
  to   space 232960K, 0% used [0x00000000f1c80000,0x00000000f1c80000,0x0000000100000000)
 ParOldGen       total 1130496K, used 787095K [0x0000000080000000, 0x00000000c5000000, 0x00000000d5580000)
  object space 1130496K, 69% used [0x0000000080000000,0x00000000b00a5d88,0x00000000c5000000)
 Metaspace       used 63419K, capacity 63912K, committed 64128K, reserved 1103872K
  class space    used 9101K, capacity 9238K, committed 9344K, reserved 1048576K
Event: 62,191 GC heap after
Heap after GC invocations=13 (full 3):
 PSYoungGen      total 465920K, used 36475K [0x00000000d5580000, 0x0000000100000000, 0x0000000100000000)
  eden space 232960K, 0% used [0x00000000d5580000,0x00000000d5580000,0x00000000e3900000)
  from space 232960K, 15% used [0x00000000f1c80000,0x00000000f401ef80,0x0000000100000000)
  to   space 232960K, 0% used [0x00000000e3900000,0x00000000e3900000,0x00000000f1c80000)
 ParOldGen       total 1130496K, used 986135K [0x0000000080000000, 0x00000000c5000000, 0x00000000d5580000)
  object space 1130496K, 87% used [0x0000000080000000,0x00000000bc305d88,0x00000000c5000000)
 Metaspace       used 63419K, capacity 63912K, committed 64128K, reserved 1103872K
  class space    used 9101K, capacity 9238K, committed 9344K, reserved 1048576K
}
Event: 62,329 GC heap before
{Heap before GC invocations=14 (full 4):
 PSYoungGen      total 465920K, used 36475K [0x00000000d5580000, 0x0000000100000000, 0x0000000100000000)
  eden space 232960K, 0% used [0x00000000d5580000,0x00000000d5580000,0x00000000e3900000)
  from space 232960K, 15% used [0x00000000f1c80000,0x00000000f401ef80,0x0000000100000000)
  to   space 232960K, 0% used [0x00000000e3900000,0x00000000e3900000,0x00000000f1c80000)
 ParOldGen       total 1130496K, used 986135K [0x0000000080000000, 0x00000000c5000000, 0x00000000d5580000)
  object space 1130496K, 87% used [0x0000000080000000,0x00000000bc305d88,0x00000000c5000000)
 Metaspace       used 63419K, capacity 63912K, committed 64128K, reserved 1103872K
  class space    used 9101K, capacity 9238K, committed 9344K, reserved 1048576K

