# JRE version: OpenJDK Runtime Environment (8.0_151-b12) (build 1.8.0_151-8u151-b12-0ubuntu0.17.04.2-b12)
# Java VM: OpenJDK 64-Bit Server VM (25.151-b12 mixed mode linux-amd64 compressed oops)
Heap:
 PSYoungGen      total 465920K, used 0K [0x00000000d5580000, 0x0000000100000000, 0x0000000100000000)
  eden space 232960K, 0% used [0x00000000d5580000,0x00000000d5580000,0x00000000e3900000)
  from space 232960K, 0% used [0x00000000e3900000,0x00000000e3900000,0x00000000f1c80000)
  to   space 232960K, 0% used [0x00000000f1c80000,0x00000000f1c80000,0x0000000100000000)
 ParOldGen       total 1181184K, used 1016714K [0x0000000080000000, 0x00000000c8180000, 0x00000000d5580000)
  object space 1181184K, 86% used [0x0000000080000000,0x00000000be0e2a00,0x00000000c8180000)
 Metaspace       used 63297K, capacity 63844K, committed 64128K, reserved 1103872K
  class space    used 9101K, capacity 9238K, committed 9344K, reserved 1048576K
GC Heap History (10 events):
Event: 19,688 GC heap after
Heap after GC invocations=13 (full 4):
 PSYoungGen      total 501760K, used 197115K [0x00000000d5580000, 0x0000000100000000, 0x0000000100000000)
  eden space 304640K, 0% used [0x00000000d5580000,0x00000000d5580000,0x00000000e7f00000)
  from space 197120K, 99% used [0x00000000e7f00000,0x00000000f3f7ec08,0x00000000f3f80000)
  to   space 197120K, 0% used [0x00000000f3f80000,0x00000000f3f80000,0x0000000100000000)
 ParOldGen       total 1181184K, used 551572K [0x0000000080000000, 0x00000000c8180000, 0x00000000d5580000)
  object space 1181184K, 46% used [0x0000000080000000,0x00000000a1aa52c0,0x00000000c8180000)
 Metaspace       used 62368K, capacity 62844K, committed 63104K, reserved 1103872K
  class space    used 8972K, capacity 9078K, committed 9088K, reserved 1048576K
}
Event: 21,996 GC heap before
{Heap before GC invocations=14 (full 4):
 PSYoungGen      total 501760K, used 501755K [0x00000000d5580000, 0x0000000100000000, 0x0000000100000000)
  eden space 304640K, 100% used [0x00000000d5580000,0x00000000e7f00000,0x00000000e7f00000)
  from space 197120K, 99% used [0x00000000e7f00000,0x00000000f3f7ec08,0x00000000f3f80000)
  to   space 197120K, 0% used [0x00000000f3f80000,0x00000000f3f80000,0x0000000100000000)
 ParOldGen       total 1181184K, used 551572K [0x0000000080000000, 0x00000000c8180000, 0x00000000d5580000)
  object space 1181184K, 46% used [0x0000000080000000,0x00000000a1aa52c0,0x00000000c8180000)
 Metaspace       used 63081K, capacity 63648K, committed 63872K, reserved 1103872K
  class space    used 9093K, capacity 9238K, committed 9344K, reserved 1048576K
Event: 24,279 GC heap after
Heap after GC invocations=14 (full 4):
 PSYoungGen      total 430080K, used 197108K [0x00000000d5580000, 0x0000000100000000, 0x0000000100000000)
  eden space 232960K, 0% used [0x00000000d5580000,0x00000000d5580000,0x00000000e3900000)
  from space 197120K, 99% used [0x00000000f3f80000,0x00000000ffffd030,0x0000000100000000)
  to   space 232960K, 0% used [0x00000000e3900000,0x00000000e3900000,0x00000000f1c80000)
 ParOldGen       total 1181184K, used 822713K [0x0000000080000000, 0x00000000c8180000, 0x00000000d5580000)
  object space 1181184K, 69% used [0x0000000080000000,0x00000000b236e538,0x00000000c8180000)
 Metaspace       used 63081K, capacity 63648K, committed 63872K, reserved 1103872K
  class space    used 9093K, capacity 9238K, committed 9344K, reserved 1048576K
}
Event: 26,890 GC heap before
{Heap before GC invocations=15 (full 4):
 PSYoungGen      total 430080K, used 430068K [0x00000000d5580000, 0x0000000100000000, 0x0000000100000000)
  eden space 232960K, 100% used [0x00000000d5580000,0x00000000e3900000,0x00000000e3900000)
  from space 197120K, 99% used [0x00000000f3f80000,0x00000000ffffd030,0x0000000100000000)
  to   space 232960K, 0% used [0x00000000e3900000,0x00000000e3900000,0x00000000f1c80000)
 ParOldGen       total 1181184K, used 822713K [0x0000000080000000, 0x00000000c8180000, 0x00000000d5580000)
  object space 1181184K, 69% used [0x0000000080000000,0x00000000b236e538,0x00000000c8180000)
 Metaspace       used 63270K, capacity 63780K, committed 64128K, reserved 1103872K
  class space    used 9101K, capacity 9238K, committed 9344K, reserved 1048576K
Event: 27,118 GC heap after
Heap after GC invocations=15 (full 4):
 PSYoungGen      total 465920K, used 198307K [0x00000000d5580000, 0x0000000100000000, 0x0000000100000000)
  eden space 232960K, 0% used [0x00000000d5580000,0x00000000d5580000,0x00000000e3900000)
  from space 232960K, 85% used [0x00000000e3900000,0x00000000efaa8ea0,0x00000000f1c80000)
  to   space 232960K, 0% used [0x00000000f1c80000,0x00000000f1c80000,0x0000000100000000)
 ParOldGen       total 1181184K, used 822721K [0x0000000080000000, 0x00000000c8180000, 0x00000000d5580000)
  object space 1181184K, 69% used [0x0000000080000000,0x00000000b2370538,0x00000000c8180000)
 Metaspace       used 63270K, capacity 63780K, committed 64128K, reserved 1103872K
  class space    used 9101K, capacity 9238K, committed 9344K, reserved 1048576K
}
Event: 27,669 GC heap before
{Heap before GC invocations=16 (full 4):
 PSYoungGen      total 465920K, used 431267K [0x00000000d5580000, 0x0000000100000000, 0x0000000100000000)
  eden space 232960K, 100% used [0x00000000d5580000,0x00000000e3900000,0x00000000e3900000)
  from space 232960K, 85% used [0x00000000e3900000,0x00000000efaa8ea0,0x00000000f1c80000)
  to   space 232960K, 0% used [0x00000000f1c80000,0x00000000f1c80000,0x0000000100000000)
 ParOldGen       total 1181184K, used 822721K [0x0000000080000000, 0x00000000c8180000, 0x00000000d5580000)
  object space 1181184K, 69% used [0x0000000080000000,0x00000000b2370538,0x00000000c8180000)
 Metaspace       used 63287K, capacity 63844K, committed 64128K, reserved 1103872K
  class space    used 9101K, capacity 9238K, committed 9344K, reserved 1048576K
Event: 27,850 GC heap after
Heap after GC invocations=16 (full 4):
 PSYoungGen      total 465920K, used 199503K [0x00000000d5580000, 0x0000000100000000, 0x0000000100000000)
  eden space 232960K, 0% used [0x00000000d5580000,0x00000000d5580000,0x00000000e3900000)
  from space 232960K, 85% used [0x00000000f1c80000,0x00000000fdf53e40,0x0000000100000000)
  to   space 232960K, 0% used [0x00000000e3900000,0x00000000e3900000,0x00000000f1c80000)
 ParOldGen       total 1181184K, used 822721K [0x0000000080000000, 0x00000000c8180000, 0x00000000d5580000)
  object space 1181184K, 69% used [0x0000000080000000,0x00000000b2370538,0x00000000c8180000)
 Metaspace       used 63287K, capacity 63844K, committed 64128K, reserved 1103872K
  class space    used 9101K, capacity 9238K, committed 9344K, reserved 1048576K
}
Event: 28,214 GC heap before
{Heap before GC invocations=17 (full 4):
 PSYoungGen      total 465920K, used 432463K [0x00000000d5580000, 0x0000000100000000, 0x0000000100000000)
  eden space 232960K, 100% used [0x00000000d5580000,0x00000000e3900000,0x00000000e3900000)
  from space 232960K, 85% used [0x00000000f1c80000,0x00000000fdf53e40,0x0000000100000000)
  to   space 232960K, 0% used [0x00000000e3900000,0x00000000e3900000,0x00000000f1c80000)
 ParOldGen       total 1181184K, used 822721K [0x0000000080000000, 0x00000000c8180000, 0x00000000d5580000)
  object space 1181184K, 69% used [0x0000000080000000,0x00000000b2370538,0x00000000c8180000)
 Metaspace       used 63297K, capacity 63844K, committed 64128K, reserved 1103872K
  class space    used 9101K, capacity 9238K, committed 9344K, reserved 1048576K
Event: 38,042 GC heap after
Heap after GC invocations=17 (full 4):
 PSYoungGen      total 465920K, used 4893K [0x00000000d5580000, 0x0000000100000000, 0x0000000100000000)
  eden space 232960K, 0% used [0x00000000d5580000,0x00000000d5580000,0x00000000e3900000)
  from space 232960K, 2% used [0x00000000e3900000,0x00000000e3dc75f0,0x00000000f1c80000)
  to   space 232960K, 0% used [0x00000000f1c80000,0x00000000f1c80000,0x0000000100000000)
 ParOldGen       total 1181184K, used 1019417K [0x0000000080000000, 0x00000000c8180000, 0x00000000d5580000)
  object space 1181184K, 86% used [0x0000000080000000,0x00000000be386738,0x00000000c8180000)
 Metaspace       used 63297K, capacity 63844K, committed 64128K, reserved 1103872K
  class space    used 9101K, capacity 9238K, committed 9344K, reserved 1048576K
}
Event: 38,063 GC heap before
{Heap before GC invocations=18 (full 5):
 PSYoungGen      total 465920K, used 4893K [0x00000000d5580000, 0x0000000100000000, 0x0000000100000000)
  eden space 232960K, 0% used [0x00000000d5580000,0x00000000d5580000,0x00000000e3900000)
  from space 232960K, 2% used [0x00000000e3900000,0x00000000e3dc75f0,0x00000000f1c80000)
  to   space 232960K, 0% used [0x00000000f1c80000,0x00000000f1c80000,0x0000000100000000)
 ParOldGen       total 1181184K, used 1019417K [0x0000000080000000, 0x00000000c8180000, 0x00000000d5580000)
  object space 1181184K, 86% used [0x0000000080000000,0x00000000be386738,0x00000000c8180000)
 Metaspace       used 63297K, capacity 63844K, committed 64128K, reserved 1103872K
  class space    used 9101K, capacity 9238K, committed 9344K, reserved 1048576K

