# JRE version: OpenJDK Runtime Environment (8.0_151-b12) (build 1.8.0_151-8u151-b12-0ubuntu0.17.04.2-b12)
# Java VM: OpenJDK 64-Bit Server VM (25.151-b12 mixed mode linux-amd64 compressed oops)
Heap:
 PSYoungGen      total 931840K, used 0K [0x000000076ab00000, 0x00000007c0000000, 0x00000007c0000000)
  eden space 465920K, 0% used [0x000000076ab00000,0x000000076ab00000,0x0000000787200000)
  from space 465920K, 0% used [0x0000000787200000,0x0000000787200000,0x00000007a3900000)
  to   space 465920K, 0% used [0x00000007a3900000,0x00000007a3900000,0x00000007c0000000)
 ParOldGen       total 734720K, used 696260K [0x00000006c0000000, 0x00000006ecd80000, 0x000000076ab00000)
  object space 734720K, 94% used [0x00000006c0000000,0x00000006ea7f13e8,0x00000006ecd80000)
 Metaspace       used 74657K, capacity 75736K, committed 76160K, reserved 1114112K
  class space    used 10486K, capacity 10770K, committed 10880K, reserved 1048576K
GC Heap History (10 events):
Event: 59,452 GC heap after
Heap after GC invocations=38 (full 5):
 PSYoungGen      total 843264K, used 268708K [0x000000076ab00000, 0x00000007c0000000, 0x00000007c0000000)
  eden space 574464K, 0% used [0x000000076ab00000,0x000000076ab00000,0x000000078dc00000)
  from space 268800K, 99% used [0x000000078dc00000,0x000000079e269278,0x000000079e280000)
  to   space 431104K, 0% used [0x00000007a5b00000,0x00000007a5b00000,0x00000007c0000000)
 ParOldGen       total 734720K, used 405899K [0x00000006c0000000, 0x00000006ecd80000, 0x000000076ab00000)
  object space 734720K, 55% used [0x00000006c0000000,0x00000006d8c62f40,0x00000006ecd80000)
 Metaspace       used 74555K, capacity 75726K, committed 75904K, reserved 1114112K
  class space    used 10508K, capacity 10811K, committed 10880K, reserved 1048576K
}
Event: 61,997 GC heap before
{Heap before GC invocations=39 (full 5):
 PSYoungGen      total 843264K, used 843172K [0x000000076ab00000, 0x00000007c0000000, 0x00000007c0000000)
  eden space 574464K, 100% used [0x000000076ab00000,0x000000078dc00000,0x000000078dc00000)
  from space 268800K, 99% used [0x000000078dc00000,0x000000079e269278,0x000000079e280000)
  to   space 431104K, 0% used [0x00000007a5b00000,0x00000007a5b00000,0x00000007c0000000)
 ParOldGen       total 734720K, used 405899K [0x00000006c0000000, 0x00000006ecd80000, 0x000000076ab00000)
  object space 734720K, 55% used [0x00000006c0000000,0x00000006d8c62f40,0x00000006ecd80000)
 Metaspace       used 74714K, capacity 75908K, committed 76160K, reserved 1114112K
  class space    used 10513K, capacity 10820K, committed 10880K, reserved 1048576K
Event: 62,492 GC heap after
Heap after GC invocations=39 (full 5):
 PSYoungGen      total 908288K, used 310068K [0x000000076ab00000, 0x00000007c0000000, 0x00000007c0000000)
  eden space 477184K, 0% used [0x000000076ab00000,0x000000076ab00000,0x0000000787d00000)
  from space 431104K, 71% used [0x00000007a5b00000,0x00000007b89cd158,0x00000007c0000000)
  to   space 460288K, 0% used [0x0000000787d00000,0x0000000787d00000,0x00000007a3e80000)
 ParOldGen       total 734720K, used 405907K [0x00000006c0000000, 0x00000006ecd80000, 0x000000076ab00000)
  object space 734720K, 55% used [0x00000006c0000000,0x00000006d8c64f40,0x00000006ecd80000)
 Metaspace       used 74714K, capacity 75908K, committed 76160K, reserved 1114112K
  class space    used 10513K, capacity 10820K, committed 10880K, reserved 1048576K
}
Event: 63,913 GC heap before
{Heap before GC invocations=40 (full 5):
 PSYoungGen      total 908288K, used 787252K [0x000000076ab00000, 0x00000007c0000000, 0x00000007c0000000)
  eden space 477184K, 100% used [0x000000076ab00000,0x0000000787d00000,0x0000000787d00000)
  from space 431104K, 71% used [0x00000007a5b00000,0x00000007b89cd158,0x00000007c0000000)
  to   space 460288K, 0% used [0x0000000787d00000,0x0000000787d00000,0x00000007a3e80000)
 ParOldGen       total 734720K, used 405907K [0x00000006c0000000, 0x00000006ecd80000, 0x000000076ab00000)
  object space 734720K, 55% used [0x00000006c0000000,0x00000006d8c64f40,0x00000006ecd80000)
 Metaspace       used 74780K, capacity 75984K, committed 76160K, reserved 1114112K
  class space    used 10514K, capacity 10822K, committed 10880K, reserved 1048576K
Event: 64,342 GC heap after
Heap after GC invocations=40 (full 5):
 PSYoungGen      total 826880K, used 349491K [0x000000076ab00000, 0x00000007c0000000, 0x00000007c0000000)
  eden space 477184K, 0% used [0x000000076ab00000,0x000000076ab00000,0x0000000787d00000)
  from space 349696K, 99% used [0x0000000787d00000,0x000000079d24cc98,0x000000079d280000)
  to   space 465920K, 0% used [0x00000007a3900000,0x00000007a3900000,0x00000007c0000000)
 ParOldGen       total 734720K, used 405907K [0x00000006c0000000, 0x00000006ecd80000, 0x000000076ab00000)
  object space 734720K, 55% used [0x00000006c0000000,0x00000006d8c64f40,0x00000006ecd80000)
 Metaspace       used 74780K, capacity 75984K, committed 76160K, reserved 1114112K
  class space    used 10514K, capacity 10822K, committed 10880K, reserved 1048576K
}
Event: 65,689 GC heap before
{Heap before GC invocations=41 (full 5):
 PSYoungGen      total 826880K, used 826675K [0x000000076ab00000, 0x00000007c0000000, 0x00000007c0000000)
  eden space 477184K, 100% used [0x000000076ab00000,0x0000000787d00000,0x0000000787d00000)
  from space 349696K, 99% used [0x0000000787d00000,0x000000079d24cc98,0x000000079d280000)
  to   space 465920K, 0% used [0x00000007a3900000,0x00000007a3900000,0x00000007c0000000)
 ParOldGen       total 734720K, used 405907K [0x00000006c0000000, 0x00000006ecd80000, 0x000000076ab00000)
  object space 734720K, 55% used [0x00000006c0000000,0x00000006d8c64f40,0x00000006ecd80000)
 Metaspace       used 74809K, capacity 75990K, committed 76160K, reserved 1114112K
  class space    used 10515K, capacity 10823K, committed 10880K, reserved 1048576K
Event: 66,128 GC heap after
Heap after GC invocations=41 (full 5):
 PSYoungGen      total 931840K, used 430614K [0x000000076ab00000, 0x00000007c0000000, 0x00000007c0000000)
  eden space 465920K, 0% used [0x000000076ab00000,0x000000076ab00000,0x0000000787200000)
  from space 465920K, 92% used [0x00000007a3900000,0x00000007bdd85ba0,0x00000007c0000000)
  to   space 465920K, 0% used [0x0000000787200000,0x0000000787200000,0x00000007a3900000)
 ParOldGen       total 734720K, used 405907K [0x00000006c0000000, 0x00000006ecd80000, 0x000000076ab00000)
  object space 734720K, 55% used [0x00000006c0000000,0x00000006d8c64f40,0x00000006ecd80000)
 Metaspace       used 74809K, capacity 75990K, committed 76160K, reserved 1114112K
  class space    used 10515K, capacity 10823K, committed 10880K, reserved 1048576K
}
Event: 67,757 GC heap before
{Heap before GC invocations=42 (full 5):
 PSYoungGen      total 931840K, used 896534K [0x000000076ab00000, 0x00000007c0000000, 0x00000007c0000000)
  eden space 465920K, 100% used [0x000000076ab00000,0x0000000787200000,0x0000000787200000)
  from space 465920K, 92% used [0x00000007a3900000,0x00000007bdd85ba0,0x00000007c0000000)
  to   space 465920K, 0% used [0x0000000787200000,0x0000000787200000,0x00000007a3900000)
 ParOldGen       total 734720K, used 405907K [0x00000006c0000000, 0x00000006ecd80000, 0x000000076ab00000)
  object space 734720K, 55% used [0x00000006c0000000,0x00000006d8c64f40,0x00000006ecd80000)
 Metaspace       used 74869K, capacity 76078K, committed 76160K, reserved 1114112K
  class space    used 10517K, capacity 10827K, committed 10880K, reserved 1048576K
Event: 68,199 GC heap after
Heap after GC invocations=42 (full 5):
 PSYoungGen      total 931840K, used 92586K [0x000000076ab00000, 0x00000007c0000000, 0x00000007c0000000)
  eden space 465920K, 0% used [0x000000076ab00000,0x000000076ab00000,0x0000000787200000)
  from space 465920K, 19% used [0x0000000787200000,0x000000078cc6a830,0x00000007a3900000)
  to   space 465920K, 0% used [0x00000007a3900000,0x00000007a3900000,0x00000007c0000000)
 ParOldGen       total 734720K, used 649232K [0x00000006c0000000, 0x00000006ecd80000, 0x000000076ab00000)
  object space 734720K, 88% used [0x00000006c0000000,0x00000006e7a04010,0x00000006ecd80000)
 Metaspace       used 74869K, capacity 76078K, committed 76160K, reserved 1114112K
  class space    used 10517K, capacity 10827K, committed 10880K, reserved 1048576K
}
Event: 68,217 GC heap before
{Heap before GC invocations=43 (full 6):
 PSYoungGen      total 931840K, used 92586K [0x000000076ab00000, 0x00000007c0000000, 0x00000007c0000000)
  eden space 465920K, 0% used [0x000000076ab00000,0x000000076ab00000,0x0000000787200000)
  from space 465920K, 19% used [0x0000000787200000,0x000000078cc6a830,0x00000007a3900000)
  to   space 465920K, 0% used [0x00000007a3900000,0x00000007a3900000,0x00000007c0000000)
 ParOldGen       total 734720K, used 649232K [0x00000006c0000000, 0x00000006ecd80000, 0x000000076ab00000)
  object space 734720K, 88% used [0x00000006c0000000,0x00000006e7a04010,0x00000006ecd80000)
 Metaspace       used 74869K, capacity 76078K, committed 76160K, reserved 1114112K
  class space    used 10517K, capacity 10827K, committed 10880K, reserved 1048576K

